<?xml version="1.0" encoding="UTF-8"?>
<robot generator="Robot 3.1.2 (Python 3.7.4 on darwin)" generated="20190925 11:49:49.918" rpa="false">
<suite id="s1" name="Template2" source="/Users/aycap/Development/Robot/Workspaces/robot-101/template2/template2.robot">
<kw name="Open Browser to google" library="sample-shared" type="setup">
<kw name="Open Browser" library="SeleniumLibrary">
<doc>Opens a new browser instance to the given ``url``.</doc>
<arguments>
<arg>${URL}</arg>
<arg>headlesschrome</arg>
</arguments>
<msg timestamp="20190925 11:49:50.031" level="INFO">Opening browser 'headlesschrome' to base url 'http://www.google.com'.</msg>
<status status="PASS" starttime="20190925 11:49:50.031" endtime="20190925 11:49:52.391"></status>
</kw>
<status status="PASS" starttime="20190925 11:49:50.031" endtime="20190925 11:49:52.391"></status>
</kw>
<test id="s1-t1" name="Search">
<kw name="Back to search page" library="sample-shared" type="setup">
<kw name="Go To" library="SeleniumLibrary">
<doc>Navigates the current browser window to the provided ``url``.</doc>
<arguments>
<arg>${URL}</arg>
</arguments>
<msg timestamp="20190925 11:49:52.392" level="INFO">Opening url 'http://www.google.com'</msg>
<status status="PASS" starttime="20190925 11:49:52.392" endtime="20190925 11:49:52.610"></status>
</kw>
<status status="PASS" starttime="20190925 11:49:52.392" endtime="20190925 11:49:52.610"></status>
</kw>
<kw name="Search Template">
<arguments>
<arg>robotframework</arg>
<arg>robotframework</arg>
</arguments>
<kw name="ค้าหาคำว่า">
<arguments>
<arg>${keyword}</arg>
</arguments>
<kw name="Input Text" library="SeleniumLibrary">
<doc>Types the given ``text`` into the text field identified by ``locator``.</doc>
<arguments>
<arg>name:q</arg>
<arg>${keyword}</arg>
</arguments>
<msg timestamp="20190925 11:49:52.612" level="INFO">Typing text 'robotframework' into text field 'name:q'.</msg>
<status status="PASS" starttime="20190925 11:49:52.611" endtime="20190925 11:49:52.736"></status>
</kw>
<kw name="Press Keys" library="SeleniumLibrary">
<doc>Simulates the user pressing key(s) to an element or on the active browser.</doc>
<arguments>
<arg>name:q</arg>
<arg>RETURN</arg>
</arguments>
<msg timestamp="20190925 11:49:52.737" level="INFO">Sending key(s) ('RETURN',) to name:q element.</msg>
<msg timestamp="20190925 11:49:52.742" level="INFO">Pressing special key RETURN to element.</msg>
<status status="PASS" starttime="20190925 11:49:52.736" endtime="20190925 11:49:53.786"></status>
</kw>
<status status="PASS" starttime="20190925 11:49:52.611" endtime="20190925 11:49:53.786"></status>
</kw>
<kw name="ต้องเจอ">
<arguments>
<arg>${result}</arg>
</arguments>
<kw name="Wait Until Element Contains" library="SeleniumLibrary">
<doc>Waits until the element ``locator`` contains ``text``.</doc>
<arguments>
<arg>//*[@id="brs"]/g-section-with-header/div[1]/h3</arg>
<arg>${expectedResult}</arg>
</arguments>
<status status="PASS" starttime="20190925 11:49:53.787" endtime="20190925 11:49:53.820"></status>
</kw>
<kw name="Get Text" library="SeleniumLibrary">
<doc>Returns the text value of the element identified by ``locator``.</doc>
<arguments>
<arg>class:med.dPAwzb</arg>
</arguments>
<assign>
<var>${result}</var>
</assign>
<msg timestamp="20190925 11:49:53.835" level="INFO">${result} = การค้นหาที่เกี่ยวข้องกับ robotframework</msg>
<status status="PASS" starttime="20190925 11:49:53.820" endtime="20190925 11:49:53.835"></status>
</kw>
<kw name="Log To Console" library="BuiltIn">
<doc>Logs the given message to the console.</doc>
<arguments>
<arg>${\n}</arg>
</arguments>
<status status="PASS" starttime="20190925 11:49:53.835" endtime="20190925 11:49:53.835"></status>
</kw>
<kw name="Log To Console" library="BuiltIn">
<doc>Logs the given message to the console.</doc>
<arguments>
<arg>${result}</arg>
</arguments>
<status status="PASS" starttime="20190925 11:49:53.835" endtime="20190925 11:49:53.835"></status>
</kw>
<kw name="Should Be Equal" library="BuiltIn">
<doc>Fails if the given objects are unequal.</doc>
<arguments>
<arg>การค้นหาที่เกี่ยวข้องกับ ${expectedResult}</arg>
<arg>${result}</arg>
</arguments>
<status status="PASS" starttime="20190925 11:49:53.835" endtime="20190925 11:49:53.836"></status>
</kw>
<status status="PASS" starttime="20190925 11:49:53.786" endtime="20190925 11:49:53.836"></status>
</kw>
<kw name="Back to search page" library="sample-shared" type="teardown">
<kw name="Go To" library="SeleniumLibrary">
<doc>Navigates the current browser window to the provided ``url``.</doc>
<arguments>
<arg>${URL}</arg>
</arguments>
<msg timestamp="20190925 11:49:53.836" level="INFO">Opening url 'http://www.google.com'</msg>
<status status="PASS" starttime="20190925 11:49:53.836" endtime="20190925 11:49:54.046"></status>
</kw>
<status status="PASS" starttime="20190925 11:49:53.836" endtime="20190925 11:49:54.047"></status>
</kw>
<status status="PASS" starttime="20190925 11:49:52.611" endtime="20190925 11:49:54.047"></status>
</kw>
<kw name="Search Template">
<arguments>
<arg>Kotlin</arg>
<arg>Kotlin</arg>
</arguments>
<kw name="ค้าหาคำว่า">
<arguments>
<arg>${keyword}</arg>
</arguments>
<kw name="Input Text" library="SeleniumLibrary">
<doc>Types the given ``text`` into the text field identified by ``locator``.</doc>
<arguments>
<arg>name:q</arg>
<arg>${keyword}</arg>
</arguments>
<msg timestamp="20190925 11:49:54.048" level="INFO">Typing text 'Kotlin' into text field 'name:q'.</msg>
<status status="PASS" starttime="20190925 11:49:54.047" endtime="20190925 11:49:54.132"></status>
</kw>
<kw name="Press Keys" library="SeleniumLibrary">
<doc>Simulates the user pressing key(s) to an element or on the active browser.</doc>
<arguments>
<arg>name:q</arg>
<arg>RETURN</arg>
</arguments>
<msg timestamp="20190925 11:49:54.133" level="INFO">Sending key(s) ('RETURN',) to name:q element.</msg>
<msg timestamp="20190925 11:49:54.138" level="INFO">Pressing special key RETURN to element.</msg>
<status status="PASS" starttime="20190925 11:49:54.132" endtime="20190925 11:49:55.220"></status>
</kw>
<status status="PASS" starttime="20190925 11:49:54.047" endtime="20190925 11:49:55.220"></status>
</kw>
<kw name="ต้องเจอ">
<arguments>
<arg>${result}</arg>
</arguments>
<kw name="Wait Until Element Contains" library="SeleniumLibrary">
<doc>Waits until the element ``locator`` contains ``text``.</doc>
<arguments>
<arg>//*[@id="brs"]/g-section-with-header/div[1]/h3</arg>
<arg>${expectedResult}</arg>
</arguments>
<status status="PASS" starttime="20190925 11:49:55.220" endtime="20190925 11:49:55.238"></status>
</kw>
<kw name="Get Text" library="SeleniumLibrary">
<doc>Returns the text value of the element identified by ``locator``.</doc>
<arguments>
<arg>class:med.dPAwzb</arg>
</arguments>
<assign>
<var>${result}</var>
</assign>
<msg timestamp="20190925 11:49:55.250" level="INFO">${result} = การค้นหาที่เกี่ยวข้องกับ Kotlin</msg>
<status status="PASS" starttime="20190925 11:49:55.238" endtime="20190925 11:49:55.250"></status>
</kw>
<kw name="Log To Console" library="BuiltIn">
<doc>Logs the given message to the console.</doc>
<arguments>
<arg>${\n}</arg>
</arguments>
<status status="PASS" starttime="20190925 11:49:55.250" endtime="20190925 11:49:55.250"></status>
</kw>
<kw name="Log To Console" library="BuiltIn">
<doc>Logs the given message to the console.</doc>
<arguments>
<arg>${result}</arg>
</arguments>
<status status="PASS" starttime="20190925 11:49:55.250" endtime="20190925 11:49:55.250"></status>
</kw>
<kw name="Should Be Equal" library="BuiltIn">
<doc>Fails if the given objects are unequal.</doc>
<arguments>
<arg>การค้นหาที่เกี่ยวข้องกับ ${expectedResult}</arg>
<arg>${result}</arg>
</arguments>
<status status="PASS" starttime="20190925 11:49:55.250" endtime="20190925 11:49:55.251"></status>
</kw>
<status status="PASS" starttime="20190925 11:49:55.220" endtime="20190925 11:49:55.251"></status>
</kw>
<kw name="Back to search page" library="sample-shared" type="teardown">
<kw name="Go To" library="SeleniumLibrary">
<doc>Navigates the current browser window to the provided ``url``.</doc>
<arguments>
<arg>${URL}</arg>
</arguments>
<msg timestamp="20190925 11:49:55.251" level="INFO">Opening url 'http://www.google.com'</msg>
<status status="PASS" starttime="20190925 11:49:55.251" endtime="20190925 11:49:55.524"></status>
</kw>
<status status="PASS" starttime="20190925 11:49:55.251" endtime="20190925 11:49:55.524"></status>
</kw>
<status status="PASS" starttime="20190925 11:49:54.047" endtime="20190925 11:49:55.524"></status>
</kw>
<kw name="Search Template">
<arguments>
<arg>Java</arg>
<arg>Java</arg>
</arguments>
<kw name="ค้าหาคำว่า">
<arguments>
<arg>${keyword}</arg>
</arguments>
<kw name="Input Text" library="SeleniumLibrary">
<doc>Types the given ``text`` into the text field identified by ``locator``.</doc>
<arguments>
<arg>name:q</arg>
<arg>${keyword}</arg>
</arguments>
<msg timestamp="20190925 11:49:55.525" level="INFO">Typing text 'Java' into text field 'name:q'.</msg>
<status status="PASS" starttime="20190925 11:49:55.525" endtime="20190925 11:49:55.605"></status>
</kw>
<kw name="Press Keys" library="SeleniumLibrary">
<doc>Simulates the user pressing key(s) to an element or on the active browser.</doc>
<arguments>
<arg>name:q</arg>
<arg>RETURN</arg>
</arguments>
<msg timestamp="20190925 11:49:55.606" level="INFO">Sending key(s) ('RETURN',) to name:q element.</msg>
<msg timestamp="20190925 11:49:55.610" level="INFO">Pressing special key RETURN to element.</msg>
<status status="PASS" starttime="20190925 11:49:55.605" endtime="20190925 11:49:56.788"></status>
</kw>
<status status="PASS" starttime="20190925 11:49:55.524" endtime="20190925 11:49:56.788"></status>
</kw>
<kw name="ต้องเจอ">
<arguments>
<arg>${result}</arg>
</arguments>
<kw name="Wait Until Element Contains" library="SeleniumLibrary">
<doc>Waits until the element ``locator`` contains ``text``.</doc>
<arguments>
<arg>//*[@id="brs"]/g-section-with-header/div[1]/h3</arg>
<arg>${expectedResult}</arg>
</arguments>
<status status="PASS" starttime="20190925 11:49:56.788" endtime="20190925 11:49:56.806"></status>
</kw>
<kw name="Get Text" library="SeleniumLibrary">
<doc>Returns the text value of the element identified by ``locator``.</doc>
<arguments>
<arg>class:med.dPAwzb</arg>
</arguments>
<assign>
<var>${result}</var>
</assign>
<msg timestamp="20190925 11:49:56.817" level="INFO">${result} = การค้นหาที่เกี่ยวข้องกับ Java</msg>
<status status="PASS" starttime="20190925 11:49:56.806" endtime="20190925 11:49:56.817"></status>
</kw>
<kw name="Log To Console" library="BuiltIn">
<doc>Logs the given message to the console.</doc>
<arguments>
<arg>${\n}</arg>
</arguments>
<status status="PASS" starttime="20190925 11:49:56.817" endtime="20190925 11:49:56.818"></status>
</kw>
<kw name="Log To Console" library="BuiltIn">
<doc>Logs the given message to the console.</doc>
<arguments>
<arg>${result}</arg>
</arguments>
<status status="PASS" starttime="20190925 11:49:56.818" endtime="20190925 11:49:56.818"></status>
</kw>
<kw name="Should Be Equal" library="BuiltIn">
<doc>Fails if the given objects are unequal.</doc>
<arguments>
<arg>การค้นหาที่เกี่ยวข้องกับ ${expectedResult}</arg>
<arg>${result}</arg>
</arguments>
<status status="PASS" starttime="20190925 11:49:56.818" endtime="20190925 11:49:56.818"></status>
</kw>
<status status="PASS" starttime="20190925 11:49:56.788" endtime="20190925 11:49:56.818"></status>
</kw>
<kw name="Back to search page" library="sample-shared" type="teardown">
<kw name="Go To" library="SeleniumLibrary">
<doc>Navigates the current browser window to the provided ``url``.</doc>
<arguments>
<arg>${URL}</arg>
</arguments>
<msg timestamp="20190925 11:49:56.819" level="INFO">Opening url 'http://www.google.com'</msg>
<status status="PASS" starttime="20190925 11:49:56.819" endtime="20190925 11:49:57.029"></status>
</kw>
<status status="PASS" starttime="20190925 11:49:56.819" endtime="20190925 11:49:57.029"></status>
</kw>
<status status="PASS" starttime="20190925 11:49:55.524" endtime="20190925 11:49:57.029"></status>
</kw>
<kw name="Search Template">
<arguments>
<arg>Golang</arg>
<arg>Golang</arg>
</arguments>
<kw name="ค้าหาคำว่า">
<arguments>
<arg>${keyword}</arg>
</arguments>
<kw name="Input Text" library="SeleniumLibrary">
<doc>Types the given ``text`` into the text field identified by ``locator``.</doc>
<arguments>
<arg>name:q</arg>
<arg>${keyword}</arg>
</arguments>
<msg timestamp="20190925 11:49:57.030" level="INFO">Typing text 'Golang' into text field 'name:q'.</msg>
<status status="PASS" starttime="20190925 11:49:57.030" endtime="20190925 11:49:57.113"></status>
</kw>
<kw name="Press Keys" library="SeleniumLibrary">
<doc>Simulates the user pressing key(s) to an element or on the active browser.</doc>
<arguments>
<arg>name:q</arg>
<arg>RETURN</arg>
</arguments>
<msg timestamp="20190925 11:49:57.114" level="INFO">Sending key(s) ('RETURN',) to name:q element.</msg>
<msg timestamp="20190925 11:49:57.119" level="INFO">Pressing special key RETURN to element.</msg>
<status status="PASS" starttime="20190925 11:49:57.113" endtime="20190925 11:49:58.291"></status>
</kw>
<status status="PASS" starttime="20190925 11:49:57.030" endtime="20190925 11:49:58.291"></status>
</kw>
<kw name="ต้องเจอ">
<arguments>
<arg>${result}</arg>
</arguments>
<kw name="Wait Until Element Contains" library="SeleniumLibrary">
<doc>Waits until the element ``locator`` contains ``text``.</doc>
<arguments>
<arg>//*[@id="brs"]/g-section-with-header/div[1]/h3</arg>
<arg>${expectedResult}</arg>
</arguments>
<status status="PASS" starttime="20190925 11:49:58.291" endtime="20190925 11:49:58.314"></status>
</kw>
<kw name="Get Text" library="SeleniumLibrary">
<doc>Returns the text value of the element identified by ``locator``.</doc>
<arguments>
<arg>class:med.dPAwzb</arg>
</arguments>
<assign>
<var>${result}</var>
</assign>
<msg timestamp="20190925 11:49:58.371" level="INFO">${result} = การค้นหาที่เกี่ยวข้องกับ Golang</msg>
<status status="PASS" starttime="20190925 11:49:58.314" endtime="20190925 11:49:58.372"></status>
</kw>
<kw name="Log To Console" library="BuiltIn">
<doc>Logs the given message to the console.</doc>
<arguments>
<arg>${\n}</arg>
</arguments>
<status status="PASS" starttime="20190925 11:49:58.372" endtime="20190925 11:49:58.372"></status>
</kw>
<kw name="Log To Console" library="BuiltIn">
<doc>Logs the given message to the console.</doc>
<arguments>
<arg>${result}</arg>
</arguments>
<status status="PASS" starttime="20190925 11:49:58.372" endtime="20190925 11:49:58.372"></status>
</kw>
<kw name="Should Be Equal" library="BuiltIn">
<doc>Fails if the given objects are unequal.</doc>
<arguments>
<arg>การค้นหาที่เกี่ยวข้องกับ ${expectedResult}</arg>
<arg>${result}</arg>
</arguments>
<status status="PASS" starttime="20190925 11:49:58.372" endtime="20190925 11:49:58.373"></status>
</kw>
<status status="PASS" starttime="20190925 11:49:58.291" endtime="20190925 11:49:58.373"></status>
</kw>
<kw name="Back to search page" library="sample-shared" type="teardown">
<kw name="Go To" library="SeleniumLibrary">
<doc>Navigates the current browser window to the provided ``url``.</doc>
<arguments>
<arg>${URL}</arg>
</arguments>
<msg timestamp="20190925 11:49:58.373" level="INFO">Opening url 'http://www.google.com'</msg>
<status status="PASS" starttime="20190925 11:49:58.373" endtime="20190925 11:49:58.584"></status>
</kw>
<status status="PASS" starttime="20190925 11:49:58.373" endtime="20190925 11:49:58.584"></status>
</kw>
<status status="PASS" starttime="20190925 11:49:57.029" endtime="20190925 11:49:58.584"></status>
</kw>
<tags>
<tag>v1</tag>
</tags>
<status status="PASS" starttime="20190925 11:49:52.391" endtime="20190925 11:49:58.584" critical="yes"></status>
</test>
<kw name="Close Browser" library="SeleniumLibrary" type="teardown">
<doc>Closes the current browser.</doc>
<status status="PASS" starttime="20190925 11:49:58.585" endtime="20190925 11:49:58.656"></status>
</kw>
<status status="PASS" starttime="20190925 11:49:49.919" endtime="20190925 11:49:58.656"></status>
</suite>
<statistics>
<total>
<stat pass="1" fail="0">Critical Tests</stat>
<stat pass="1" fail="0">All Tests</stat>
</total>
<tag>
<stat pass="1" fail="0">v1</stat>
</tag>
<suite>
<stat pass="1" fail="0" id="s1" name="Template2">Template2</stat>
</suite>
</statistics>
<errors>
</errors>
</robot>
