<?xml version="1.0" encoding="UTF-8"?>
<robot generator="Robot 3.1.2 (Python 3.7.4 on darwin)" generated="20190925 11:48:46.305" rpa="false">
<suite id="s1" name="Template2" source="/Users/aycap/Development/Robot/Workspaces/robot-101/template2/template2.robot">
<kw name="Open Browser to google" library="sample-shared" type="setup">
<kw name="Open Browser" library="SeleniumLibrary">
<doc>Opens a new browser instance to the given ``url``.</doc>
<arguments>
<arg>${URL}</arg>
<arg>headlesschrome</arg>
</arguments>
<msg timestamp="20190925 11:48:46.425" level="INFO">Opening browser 'headlesschrome' to base url 'http://www.google.com'.</msg>
<status status="PASS" starttime="20190925 11:48:46.425" endtime="20190925 11:48:48.769"></status>
</kw>
<status status="PASS" starttime="20190925 11:48:46.424" endtime="20190925 11:48:48.769"></status>
</kw>
<test id="s1-t1" name="Search">
<kw name="Back to search page" library="sample-shared" type="setup">
<kw name="Go To" library="SeleniumLibrary">
<doc>Navigates the current browser window to the provided ``url``.</doc>
<arguments>
<arg>${URL}</arg>
</arguments>
<msg timestamp="20190925 11:48:48.772" level="INFO">Opening url 'http://www.google.com'</msg>
<status status="PASS" starttime="20190925 11:48:48.771" endtime="20190925 11:48:49.022"></status>
</kw>
<status status="PASS" starttime="20190925 11:48:48.770" endtime="20190925 11:48:49.022"></status>
</kw>
<kw name="Search Template">
<arguments>
<arg>robotframework</arg>
<arg>robotframework</arg>
</arguments>
<kw name="ค้าหาคำว่า">
<arguments>
<arg>${keyword}</arg>
</arguments>
<kw name="Input Text" library="SeleniumLibrary">
<doc>Types the given ``text`` into the text field identified by ``locator``.</doc>
<arguments>
<arg>name:q</arg>
<arg>${keyword}</arg>
</arguments>
<msg timestamp="20190925 11:48:49.023" level="INFO">Typing text 'robotframework' into text field 'name:q'.</msg>
<status status="PASS" starttime="20190925 11:48:49.023" endtime="20190925 11:48:49.244"></status>
</kw>
<kw name="Press Keys" library="SeleniumLibrary">
<doc>Simulates the user pressing key(s) to an element or on the active browser.</doc>
<arguments>
<arg>name:q</arg>
<arg>RETURN</arg>
</arguments>
<msg timestamp="20190925 11:48:49.244" level="INFO">Sending key(s) ('RETURN',) to name:q element.</msg>
<msg timestamp="20190925 11:48:49.280" level="INFO">Pressing special key RETURN to element.</msg>
<status status="PASS" starttime="20190925 11:48:49.244" endtime="20190925 11:48:50.347"></status>
</kw>
<status status="PASS" starttime="20190925 11:48:49.023" endtime="20190925 11:48:50.347"></status>
</kw>
<kw name="ต้องเจอ">
<arguments>
<arg>${result}</arg>
</arguments>
<kw name="Wait Until Element Contains" library="SeleniumLibrary">
<doc>Waits until the element ``locator`` contains ``text``.</doc>
<arguments>
<arg>//*[@id="brs"]/g-section-with-header/div[1]/h3</arg>
<arg>${expectedResult}</arg>
</arguments>
<status status="PASS" starttime="20190925 11:48:50.347" endtime="20190925 11:48:50.369"></status>
</kw>
<kw name="Get Text" library="SeleniumLibrary">
<doc>Returns the text value of the element identified by ``locator``.</doc>
<arguments>
<arg>class:med.dPAwzb</arg>
</arguments>
<assign>
<var>${result}</var>
</assign>
<msg timestamp="20190925 11:48:50.384" level="INFO">${result} = การค้นหาที่เกี่ยวข้องกับ robotframework</msg>
<status status="PASS" starttime="20190925 11:48:50.370" endtime="20190925 11:48:50.384"></status>
</kw>
<kw name="Log To Console" library="BuiltIn">
<doc>Logs the given message to the console.</doc>
<arguments>
<arg>${\n}</arg>
</arguments>
<status status="PASS" starttime="20190925 11:48:50.384" endtime="20190925 11:48:50.384"></status>
</kw>
<kw name="Log To Console" library="BuiltIn">
<doc>Logs the given message to the console.</doc>
<arguments>
<arg>${result}</arg>
</arguments>
<status status="PASS" starttime="20190925 11:48:50.384" endtime="20190925 11:48:50.384"></status>
</kw>
<kw name="Should Be Equal" library="BuiltIn">
<doc>Fails if the given objects are unequal.</doc>
<arguments>
<arg>การค้นหาที่เกี่ยวข้องกับ ${expectedResult}</arg>
<arg>${result}</arg>
</arguments>
<status status="PASS" starttime="20190925 11:48:50.384" endtime="20190925 11:48:50.385"></status>
</kw>
<status status="PASS" starttime="20190925 11:48:50.347" endtime="20190925 11:48:50.385"></status>
</kw>
<kw name="Back to search page" library="sample-shared" type="teardown">
<kw name="Go To" library="SeleniumLibrary">
<doc>Navigates the current browser window to the provided ``url``.</doc>
<arguments>
<arg>${URL}</arg>
</arguments>
<msg timestamp="20190925 11:48:50.385" level="INFO">Opening url 'http://www.google.com'</msg>
<status status="PASS" starttime="20190925 11:48:50.385" endtime="20190925 11:48:50.603"></status>
</kw>
<status status="PASS" starttime="20190925 11:48:50.385" endtime="20190925 11:48:50.604"></status>
</kw>
<status status="PASS" starttime="20190925 11:48:49.022" endtime="20190925 11:48:50.604"></status>
</kw>
<kw name="Search Template">
<arguments>
<arg>Kotlin</arg>
<arg>Kotlin</arg>
</arguments>
<kw name="ค้าหาคำว่า">
<arguments>
<arg>${keyword}</arg>
</arguments>
<kw name="Input Text" library="SeleniumLibrary">
<doc>Types the given ``text`` into the text field identified by ``locator``.</doc>
<arguments>
<arg>name:q</arg>
<arg>${keyword}</arg>
</arguments>
<msg timestamp="20190925 11:48:50.604" level="INFO">Typing text 'Kotlin' into text field 'name:q'.</msg>
<status status="PASS" starttime="20190925 11:48:50.604" endtime="20190925 11:48:50.700"></status>
</kw>
<kw name="Press Keys" library="SeleniumLibrary">
<doc>Simulates the user pressing key(s) to an element or on the active browser.</doc>
<arguments>
<arg>name:q</arg>
<arg>RETURN</arg>
</arguments>
<msg timestamp="20190925 11:48:50.700" level="INFO">Sending key(s) ('RETURN',) to name:q element.</msg>
<msg timestamp="20190925 11:48:50.706" level="INFO">Pressing special key RETURN to element.</msg>
<status status="PASS" starttime="20190925 11:48:50.700" endtime="20190925 11:48:51.932"></status>
</kw>
<status status="PASS" starttime="20190925 11:48:50.604" endtime="20190925 11:48:51.932"></status>
</kw>
<kw name="ต้องเจอ">
<arguments>
<arg>${result}</arg>
</arguments>
<kw name="Wait Until Element Contains" library="SeleniumLibrary">
<doc>Waits until the element ``locator`` contains ``text``.</doc>
<arguments>
<arg>//*[@id="brs"]/g-section-with-header/div[1]/h3</arg>
<arg>${expectedResult}</arg>
</arguments>
<status status="PASS" starttime="20190925 11:48:51.932" endtime="20190925 11:48:51.951"></status>
</kw>
<kw name="Get Text" library="SeleniumLibrary">
<doc>Returns the text value of the element identified by ``locator``.</doc>
<arguments>
<arg>class:med.dPAwzb</arg>
</arguments>
<assign>
<var>${result}</var>
</assign>
<msg timestamp="20190925 11:48:51.962" level="INFO">${result} = การค้นหาที่เกี่ยวข้องกับ Kotlin</msg>
<status status="PASS" starttime="20190925 11:48:51.951" endtime="20190925 11:48:51.962"></status>
</kw>
<kw name="Log To Console" library="BuiltIn">
<doc>Logs the given message to the console.</doc>
<arguments>
<arg>${\n}</arg>
</arguments>
<status status="PASS" starttime="20190925 11:48:51.962" endtime="20190925 11:48:51.962"></status>
</kw>
<kw name="Log To Console" library="BuiltIn">
<doc>Logs the given message to the console.</doc>
<arguments>
<arg>${result}</arg>
</arguments>
<status status="PASS" starttime="20190925 11:48:51.962" endtime="20190925 11:48:51.963"></status>
</kw>
<kw name="Should Be Equal" library="BuiltIn">
<doc>Fails if the given objects are unequal.</doc>
<arguments>
<arg>การค้นหาที่เกี่ยวข้องกับ ${expectedResult}</arg>
<arg>${result}</arg>
</arguments>
<status status="PASS" starttime="20190925 11:48:51.963" endtime="20190925 11:48:51.963"></status>
</kw>
<status status="PASS" starttime="20190925 11:48:51.932" endtime="20190925 11:48:51.963"></status>
</kw>
<kw name="Back to search page" library="sample-shared" type="teardown">
<kw name="Go To" library="SeleniumLibrary">
<doc>Navigates the current browser window to the provided ``url``.</doc>
<arguments>
<arg>${URL}</arg>
</arguments>
<msg timestamp="20190925 11:48:51.964" level="INFO">Opening url 'http://www.google.com'</msg>
<status status="PASS" starttime="20190925 11:48:51.964" endtime="20190925 11:48:52.178"></status>
</kw>
<status status="PASS" starttime="20190925 11:48:51.963" endtime="20190925 11:48:52.179"></status>
</kw>
<status status="PASS" starttime="20190925 11:48:50.604" endtime="20190925 11:48:52.179"></status>
</kw>
<kw name="Search Template">
<arguments>
<arg>Java</arg>
<arg>Java</arg>
</arguments>
<kw name="ค้าหาคำว่า">
<arguments>
<arg>${keyword}</arg>
</arguments>
<kw name="Input Text" library="SeleniumLibrary">
<doc>Types the given ``text`` into the text field identified by ``locator``.</doc>
<arguments>
<arg>name:q</arg>
<arg>${keyword}</arg>
</arguments>
<msg timestamp="20190925 11:48:52.179" level="INFO">Typing text 'Java' into text field 'name:q'.</msg>
<status status="PASS" starttime="20190925 11:48:52.179" endtime="20190925 11:48:52.256"></status>
</kw>
<kw name="Press Keys" library="SeleniumLibrary">
<doc>Simulates the user pressing key(s) to an element or on the active browser.</doc>
<arguments>
<arg>name:q</arg>
<arg>RETURN</arg>
</arguments>
<msg timestamp="20190925 11:48:52.257" level="INFO">Sending key(s) ('RETURN',) to name:q element.</msg>
<msg timestamp="20190925 11:48:52.262" level="INFO">Pressing special key RETURN to element.</msg>
<status status="PASS" starttime="20190925 11:48:52.256" endtime="20190925 11:48:53.224"></status>
</kw>
<status status="PASS" starttime="20190925 11:48:52.179" endtime="20190925 11:48:53.224"></status>
</kw>
<kw name="ต้องเจอ">
<arguments>
<arg>${result}</arg>
</arguments>
<kw name="Wait Until Element Contains" library="SeleniumLibrary">
<doc>Waits until the element ``locator`` contains ``text``.</doc>
<arguments>
<arg>//*[@id="brs"]/g-section-with-header/div[1]/h3</arg>
<arg>${expectedResult}</arg>
</arguments>
<status status="PASS" starttime="20190925 11:48:53.224" endtime="20190925 11:48:53.242"></status>
</kw>
<kw name="Get Text" library="SeleniumLibrary">
<doc>Returns the text value of the element identified by ``locator``.</doc>
<arguments>
<arg>class:med.dPAwzb</arg>
</arguments>
<assign>
<var>${result}</var>
</assign>
<msg timestamp="20190925 11:48:53.253" level="INFO">${result} = การค้นหาที่เกี่ยวข้องกับ Java</msg>
<status status="PASS" starttime="20190925 11:48:53.242" endtime="20190925 11:48:53.254"></status>
</kw>
<kw name="Log To Console" library="BuiltIn">
<doc>Logs the given message to the console.</doc>
<arguments>
<arg>${\n}</arg>
</arguments>
<status status="PASS" starttime="20190925 11:48:53.254" endtime="20190925 11:48:53.254"></status>
</kw>
<kw name="Log To Console" library="BuiltIn">
<doc>Logs the given message to the console.</doc>
<arguments>
<arg>${result}</arg>
</arguments>
<status status="PASS" starttime="20190925 11:48:53.254" endtime="20190925 11:48:53.254"></status>
</kw>
<kw name="Should Be Equal" library="BuiltIn">
<doc>Fails if the given objects are unequal.</doc>
<arguments>
<arg>การค้นหาที่เกี่ยวข้องกับ ${expectedResult}</arg>
<arg>${result}</arg>
</arguments>
<status status="PASS" starttime="20190925 11:48:53.254" endtime="20190925 11:48:53.255"></status>
</kw>
<status status="PASS" starttime="20190925 11:48:53.224" endtime="20190925 11:48:53.255"></status>
</kw>
<kw name="Back to search page" library="sample-shared" type="teardown">
<kw name="Go To" library="SeleniumLibrary">
<doc>Navigates the current browser window to the provided ``url``.</doc>
<arguments>
<arg>${URL}</arg>
</arguments>
<msg timestamp="20190925 11:48:53.255" level="INFO">Opening url 'http://www.google.com'</msg>
<status status="PASS" starttime="20190925 11:48:53.255" endtime="20190925 11:48:53.484"></status>
</kw>
<status status="PASS" starttime="20190925 11:48:53.255" endtime="20190925 11:48:53.484"></status>
</kw>
<status status="PASS" starttime="20190925 11:48:52.179" endtime="20190925 11:48:53.484"></status>
</kw>
<kw name="Search Template">
<arguments>
<arg>Golang</arg>
<arg>Golang</arg>
</arguments>
<kw name="ค้าหาคำว่า">
<arguments>
<arg>${keyword}</arg>
</arguments>
<kw name="Input Text" library="SeleniumLibrary">
<doc>Types the given ``text`` into the text field identified by ``locator``.</doc>
<arguments>
<arg>name:q</arg>
<arg>${keyword}</arg>
</arguments>
<msg timestamp="20190925 11:48:53.485" level="INFO">Typing text 'Golang' into text field 'name:q'.</msg>
<status status="PASS" starttime="20190925 11:48:53.485" endtime="20190925 11:48:53.582"></status>
</kw>
<kw name="Press Keys" library="SeleniumLibrary">
<doc>Simulates the user pressing key(s) to an element or on the active browser.</doc>
<arguments>
<arg>name:q</arg>
<arg>RETURN</arg>
</arguments>
<msg timestamp="20190925 11:48:53.582" level="INFO">Sending key(s) ('RETURN',) to name:q element.</msg>
<msg timestamp="20190925 11:48:53.588" level="INFO">Pressing special key RETURN to element.</msg>
<status status="PASS" starttime="20190925 11:48:53.582" endtime="20190925 11:48:54.403"></status>
</kw>
<status status="PASS" starttime="20190925 11:48:53.484" endtime="20190925 11:48:54.403"></status>
</kw>
<kw name="ต้องเจอ">
<arguments>
<arg>${result}</arg>
</arguments>
<kw name="Wait Until Element Contains" library="SeleniumLibrary">
<doc>Waits until the element ``locator`` contains ``text``.</doc>
<arguments>
<arg>//*[@id="brs"]/g-section-with-header/div[1]/h3</arg>
<arg>${expectedResult}</arg>
</arguments>
<status status="PASS" starttime="20190925 11:48:54.404" endtime="20190925 11:48:54.425"></status>
</kw>
<kw name="Get Text" library="SeleniumLibrary">
<doc>Returns the text value of the element identified by ``locator``.</doc>
<arguments>
<arg>class:med.dPAwzb</arg>
</arguments>
<assign>
<var>${result}</var>
</assign>
<msg timestamp="20190925 11:48:54.485" level="INFO">${result} = การค้นหาที่เกี่ยวข้องกับ Golang</msg>
<status status="PASS" starttime="20190925 11:48:54.425" endtime="20190925 11:48:54.485"></status>
</kw>
<kw name="Log To Console" library="BuiltIn">
<doc>Logs the given message to the console.</doc>
<arguments>
<arg>${\n}</arg>
</arguments>
<status status="PASS" starttime="20190925 11:48:54.485" endtime="20190925 11:48:54.485"></status>
</kw>
<kw name="Log To Console" library="BuiltIn">
<doc>Logs the given message to the console.</doc>
<arguments>
<arg>${result}</arg>
</arguments>
<status status="PASS" starttime="20190925 11:48:54.485" endtime="20190925 11:48:54.485"></status>
</kw>
<kw name="Should Be Equal" library="BuiltIn">
<doc>Fails if the given objects are unequal.</doc>
<arguments>
<arg>การค้นหาที่เกี่ยวข้องกับ ${expectedResult}</arg>
<arg>${result}</arg>
</arguments>
<status status="PASS" starttime="20190925 11:48:54.485" endtime="20190925 11:48:54.486"></status>
</kw>
<status status="PASS" starttime="20190925 11:48:54.403" endtime="20190925 11:48:54.486"></status>
</kw>
<kw name="Back to search page" library="sample-shared" type="teardown">
<kw name="Go To" library="SeleniumLibrary">
<doc>Navigates the current browser window to the provided ``url``.</doc>
<arguments>
<arg>${URL}</arg>
</arguments>
<msg timestamp="20190925 11:48:54.486" level="INFO">Opening url 'http://www.google.com'</msg>
<status status="PASS" starttime="20190925 11:48:54.486" endtime="20190925 11:48:54.699"></status>
</kw>
<status status="PASS" starttime="20190925 11:48:54.486" endtime="20190925 11:48:54.699"></status>
</kw>
<status status="PASS" starttime="20190925 11:48:53.484" endtime="20190925 11:48:54.699"></status>
</kw>
<tags>
<tag>v1</tag>
</tags>
<status status="PASS" starttime="20190925 11:48:48.770" endtime="20190925 11:48:54.699" critical="yes"></status>
</test>
<kw name="Close Browser" library="SeleniumLibrary" type="teardown">
<doc>Closes the current browser.</doc>
<status status="PASS" starttime="20190925 11:48:54.700" endtime="20190925 11:48:54.772"></status>
</kw>
<status status="PASS" starttime="20190925 11:48:46.306" endtime="20190925 11:48:54.772"></status>
</suite>
<statistics>
<total>
<stat pass="1" fail="0">Critical Tests</stat>
<stat pass="1" fail="0">All Tests</stat>
</total>
<tag>
<stat pass="1" fail="0">v1</stat>
</tag>
<suite>
<stat pass="1" fail="0" id="s1" name="Template2">Template2</stat>
</suite>
</statistics>
<errors>
</errors>
</robot>
