<?xml version="1.0" encoding="UTF-8"?>
<robot generator="Robot 3.1.2 (Python 3.7.4 on darwin)" generated="20190925 16:09:09.838" rpa="false">
<suite id="s1" name="Api Comments" source="/Users/aycap/Development/Robot/Workspaces/robot-101/apitest/api_comments.robot">
<test id="s1-t1" name="Get Comments">
<kw name="Create Session" library="RequestsLibrary">
<doc>Create Session: create a HTTP session to a server</doc>
<arguments>
<arg>api</arg>
<arg>https://jsonplaceholder.typicode.com</arg>
</arguments>
<msg timestamp="20190925 16:09:09.918" level="INFO">Creating Session using : alias=api, url=https://jsonplaceholder.typicode.com, headers={},                     cookies=None, auth=None, timeout=None, proxies=None, verify=False,                     debug=0 </msg>
<status status="PASS" starttime="20190925 16:09:09.918" endtime="20190925 16:09:09.918"></status>
</kw>
<kw name="Get Request" library="RequestsLibrary">
<doc>Send a GET request on the session object found using the
given `alias`</doc>
<arguments>
<arg>api</arg>
<arg>/comments</arg>
</arguments>
<assign>
<var>${response}</var>
</assign>
<msg timestamp="20190925 16:09:10.064" level="INFO">Get Request using : alias=api, uri=/comments, headers=None json=None</msg>
<msg timestamp="20190925 16:09:10.065" level="INFO">/Library/Frameworks/Python.framework/Versions/3.7/lib/python3.7/site-packages/urllib3/connectionpool.py:1004: InsecureRequestWarning: Unverified HTTPS request is being made. Adding certificate verification is strongly advised. See: https://urllib3.readthedocs.io/en/latest/advanced-usage.html#ssl-warnings
  InsecureRequestWarning,</msg>
<msg timestamp="20190925 16:09:10.065" level="INFO">${response} = &lt;Response [200]&gt;</msg>
<status status="PASS" starttime="20190925 16:09:09.919" endtime="20190925 16:09:10.065"></status>
</kw>
<kw name="Should Be Equal" library="BuiltIn">
<doc>Fails if the given objects are unequal.</doc>
<arguments>
<arg>${response.status_code}</arg>
<arg>${200}</arg>
</arguments>
<status status="PASS" starttime="20190925 16:09:10.065" endtime="20190925 16:09:10.066"></status>
</kw>
<kw name="Should Be Equal As Strings" library="BuiltIn">
<doc>Fails if objects are unequal after converting them to strings.</doc>
<arguments>
<arg>${response.status_code}</arg>
<arg>200</arg>
</arguments>
<msg timestamp="20190925 16:09:10.066" level="INFO">Argument types are:
&lt;class 'int'&gt;
&lt;type 'unicode'&gt;</msg>
<status status="PASS" starttime="20190925 16:09:10.066" endtime="20190925 16:09:10.066"></status>
</kw>
<kw name="Get Length" library="BuiltIn">
<doc>Returns and logs the length of the given item as an integer.</doc>
<arguments>
<arg>${response.json()}</arg>
</arguments>
<assign>
<var>${length}</var>
</assign>
<msg timestamp="20190925 16:09:10.069" level="INFO">Length is 500</msg>
<msg timestamp="20190925 16:09:10.069" level="INFO">${length} = 500</msg>
<status status="PASS" starttime="20190925 16:09:10.066" endtime="20190925 16:09:10.069"></status>
</kw>
<kw name="Should Be Equal" library="BuiltIn">
<doc>Fails if the given objects are unequal.</doc>
<arguments>
<arg>${length}</arg>
<arg>${500}</arg>
</arguments>
<status status="PASS" starttime="20190925 16:09:10.069" endtime="20190925 16:09:10.069"></status>
</kw>
<kw name="Length Should Be" library="BuiltIn">
<doc>Verifies that the length of the given item is correct.</doc>
<arguments>
<arg>${response.json()}</arg>
<arg>500</arg>
</arguments>
<msg timestamp="20190925 16:09:10.071" level="INFO">Length is 500</msg>
<status status="PASS" starttime="20190925 16:09:10.070" endtime="20190925 16:09:10.071"></status>
</kw>
<kw name="Should Be Equal" library="BuiltIn">
<doc>Fails if the given objects are unequal.</doc>
<arguments>
<arg>${response.json()[0]["id"]}</arg>
<arg>${1}</arg>
</arguments>
<status status="PASS" starttime="20190925 16:09:10.072" endtime="20190925 16:09:10.073"></status>
</kw>
<kw name="Should Be Equal" library="BuiltIn">
<doc>Fails if the given objects are unequal.</doc>
<arguments>
<arg>${response.json()[0]["email"]}</arg>
<arg>Eliseo@gardner.biz</arg>
</arguments>
<status status="PASS" starttime="20190925 16:09:10.074" endtime="20190925 16:09:10.076"></status>
</kw>
<kw name="Should Contain Match" library="Collections">
<doc>Fails if ``pattern`` is not found in ``list``.</doc>
<arguments>
<arg>${response.json()[0]}</arg>
<arg>id</arg>
</arguments>
<status status="PASS" starttime="20190925 16:09:10.077" endtime="20190925 16:09:10.079"></status>
</kw>
<kw name="Should Contain Match" library="Collections">
<doc>Fails if ``pattern`` is not found in ``list``.</doc>
<arguments>
<arg>${response.json()[0]}</arg>
<arg>postId</arg>
</arguments>
<status status="PASS" starttime="20190925 16:09:10.080" endtime="20190925 16:09:10.082"></status>
</kw>
<kw name="Should Contain Match" library="Collections">
<doc>Fails if ``pattern`` is not found in ``list``.</doc>
<arguments>
<arg>${response.json()[0]}</arg>
<arg>name</arg>
</arguments>
<status status="PASS" starttime="20190925 16:09:10.082" endtime="20190925 16:09:10.084"></status>
</kw>
<kw name="Should Contain Match" library="Collections">
<doc>Fails if ``pattern`` is not found in ``list``.</doc>
<arguments>
<arg>${response.json()[0]}</arg>
<arg>email</arg>
</arguments>
<status status="PASS" starttime="20190925 16:09:10.084" endtime="20190925 16:09:10.086"></status>
</kw>
<kw name="Should Contain Match" library="Collections">
<doc>Fails if ``pattern`` is not found in ``list``.</doc>
<arguments>
<arg>${response.json()[0]}</arg>
<arg>body</arg>
</arguments>
<status status="PASS" starttime="20190925 16:09:10.086" endtime="20190925 16:09:10.088"></status>
</kw>
<status status="PASS" starttime="20190925 16:09:09.918" endtime="20190925 16:09:10.088" critical="yes"></status>
</test>
<status status="PASS" starttime="20190925 16:09:09.840" endtime="20190925 16:09:10.088"></status>
</suite>
<statistics>
<total>
<stat pass="1" fail="0">Critical Tests</stat>
<stat pass="1" fail="0">All Tests</stat>
</total>
<tag>
</tag>
<suite>
<stat pass="1" fail="0" id="s1" name="Api Comments">Api Comments</stat>
</suite>
</statistics>
<errors>
</errors>
</robot>
