<?xml version="1.0" encoding="UTF-8"?>
<robot generator="Robot 3.1.2 (Python 3.7.4 on darwin)" generated="20190924 16:58:42.367" rpa="false">
<suite id="s1" name="Efiling" source="/Users/aycap/Development/Robot/Workspaces/robot-101/efiling/efiling.robot">
<test id="s1-t1" name="Go to Compat View">
<kw name="Open Browser" library="SeleniumLibrary">
<doc>Opens a new browser instance to the given ``url``.</doc>
<arguments>
<arg>https://rdserver.rd.go.th/publish/index.php</arg>
<arg>chrome</arg>
</arguments>
<msg timestamp="20190924 16:58:42.557" level="INFO">Opening browser 'chrome' to base url 'https://rdserver.rd.go.th/publish/index.php'.</msg>
<status status="PASS" starttime="20190924 16:58:42.557" endtime="20190924 16:58:45.368"></status>
</kw>
<kw name="Click Element" library="SeleniumLibrary">
<doc>Click the element identified by ``locator``.</doc>
<arguments>
<arg>//*[@id="menuList"]/li[3]/a</arg>
</arguments>
<msg timestamp="20190924 16:58:45.368" level="INFO">Clicking element '//*[@id="menuList"]/li[3]/a'.</msg>
<status status="PASS" starttime="20190924 16:58:45.368" endtime="20190924 16:58:45.531"></status>
</kw>
<kw name="Select Frame" library="SeleniumLibrary">
<doc>Sets frame identified by ``locator`` as the current frame.</doc>
<arguments>
<arg>//*[@id="lightboxdialog"]/p/iframe</arg>
</arguments>
<msg timestamp="20190924 16:58:45.532" level="INFO">Selecting frame '//*[@id="lightboxdialog"]/p/iframe'.</msg>
<status status="PASS" starttime="20190924 16:58:45.532" endtime="20190924 16:58:45.560"></status>
</kw>
<kw name="Click Link" library="SeleniumLibrary">
<doc>Clicks a link identified by ``locator``.</doc>
<arguments>
<arg>คลิก</arg>
</arguments>
<msg timestamp="20190924 16:58:45.560" level="INFO">Clicking link 'คลิก'.</msg>
<status status="PASS" starttime="20190924 16:58:45.560" endtime="20190924 16:58:45.734"></status>
</kw>
<kw name="Unselect Frame" library="SeleniumLibrary">
<doc>Sets the main frame as the current frame.</doc>
<status status="PASS" starttime="20190924 16:58:45.734" endtime="20190924 16:58:45.736"></status>
</kw>
<kw name="Click Element" library="SeleniumLibrary">
<doc>Click the element identified by ``locator``.</doc>
<arguments>
<arg>//*[@id="lightboxdialog"]/button</arg>
</arguments>
<msg timestamp="20190924 16:58:45.737" level="INFO">Clicking element '//*[@id="lightboxdialog"]/button'.</msg>
<status status="PASS" starttime="20190924 16:58:45.737" endtime="20190924 16:58:50.794"></status>
</kw>
<status status="PASS" starttime="20190924 16:58:42.556" endtime="20190924 16:58:50.794" critical="yes"></status>
</test>
<status status="PASS" starttime="20190924 16:58:42.368" endtime="20190924 16:58:50.795"></status>
</suite>
<statistics>
<total>
<stat pass="1" fail="0">Critical Tests</stat>
<stat pass="1" fail="0">All Tests</stat>
</total>
<tag>
</tag>
<suite>
<stat pass="1" fail="0" id="s1" name="Efiling">Efiling</stat>
</suite>
</statistics>
<errors>
</errors>
</robot>
