<?xml version="1.0" encoding="UTF-8"?>
<robot generator="Robot 3.1.2 (Python 3.7.4 on darwin)" generated="20190925 10:54:35.682" rpa="false">
<suite id="s1" name="Google-Suite" source="/Users/aycap/Development/Robot/Workspaces/robot-101/google/google-suite.robot">
<kw name="เข้าไปยังหน้าค้นหาของ Google" type="setup">
<kw name="Open Browser" library="SeleniumLibrary">
<doc>Opens a new browser instance to the given ``url``.</doc>
<arguments>
<arg>${URL}</arg>
<arg>headlesschrome</arg>
</arguments>
<msg timestamp="20190925 10:54:35.796" level="INFO">Opening browser 'headlesschrome' to base url 'http://www.google.com'.</msg>
<status status="PASS" starttime="20190925 10:54:35.796" endtime="20190925 10:54:38.168"></status>
</kw>
<status status="PASS" starttime="20190925 10:54:35.796" endtime="20190925 10:54:38.168"></status>
</kw>
<test id="s1-t1" name="ค้าหาคำว่าเหล็กไหล">
<kw name="ค้าหาเหล็กไหล">
<kw name="Input Text" library="SeleniumLibrary">
<doc>Types the given ``text`` into the text field identified by ``locator``.</doc>
<arguments>
<arg>name:q</arg>
<arg>ดูเหล็กไหล</arg>
</arguments>
<msg timestamp="20190925 10:54:38.171" level="INFO">Typing text 'ดูเหล็กไหล' into text field 'name:q'.</msg>
<status status="PASS" starttime="20190925 10:54:38.170" endtime="20190925 10:54:38.278"></status>
</kw>
<kw name="Press Keys" library="SeleniumLibrary">
<doc>Simulates the user pressing key(s) to an element or on the active browser.</doc>
<arguments>
<arg>name:q</arg>
<arg>RETURN</arg>
</arguments>
<msg timestamp="20190925 10:54:38.278" level="INFO">Sending key(s) ('RETURN',) to name:q element.</msg>
<msg timestamp="20190925 10:54:38.284" level="INFO">Pressing special key RETURN to element.</msg>
<status status="PASS" starttime="20190925 10:54:38.278" endtime="20190925 10:54:39.554"></status>
</kw>
<status status="PASS" starttime="20190925 10:54:38.170" endtime="20190925 10:54:39.554"></status>
</kw>
<kw name="จะต้้องเจอดูเหล็กไหล">
<kw name="Wait Until Element Contains" library="SeleniumLibrary">
<doc>Waits until the element ``locator`` contains ``text``.</doc>
<arguments>
<arg>xpath://*[@id="tvcap"]/div/div/div/div/h3/span</arg>
<arg>ดูเหล็กไหล</arg>
</arguments>
<status status="PASS" starttime="20190925 10:54:39.555" endtime="20190925 10:54:39.583"></status>
</kw>
<kw name="Get Text" library="SeleniumLibrary">
<doc>Returns the text value of the element identified by ``locator``.</doc>
<arguments>
<arg>id:resultStats</arg>
</arguments>
<assign>
<var>${result}</var>
</assign>
<msg timestamp="20190925 10:54:39.604" level="INFO">${result} = ผลการค้นหาประมาณ 1,340,000 รายการ (0.30 วินาที) </msg>
<status status="PASS" starttime="20190925 10:54:39.584" endtime="20190925 10:54:39.604"></status>
</kw>
<kw name="Split String" library="String">
<doc>Splits the ``string`` using ``separator`` as a delimiter string.</doc>
<arguments>
<arg>${result}</arg>
<arg>separator=${SPACE}</arg>
<arg>max_split=3</arg>
</arguments>
<assign>
<var>@{resultSplit}</var>
</assign>
<msg timestamp="20190925 10:54:39.604" level="INFO">@{resultSplit} = [ ผลการค้นหาประมาณ | 1,340,000 | รายการ | (0.30 วินาที)  ]</msg>
<status status="PASS" starttime="20190925 10:54:39.604" endtime="20190925 10:54:39.604"></status>
</kw>
<kw name="Log To Console" library="BuiltIn">
<doc>Logs the given message to the console.</doc>
<arguments>
<arg>.</arg>
</arguments>
<status status="PASS" starttime="20190925 10:54:39.604" endtime="20190925 10:54:39.604"></status>
</kw>
<kw name="Log To Console" library="BuiltIn">
<doc>Logs the given message to the console.</doc>
<arguments>
<arg>0=&gt;${resultSplit}[0]</arg>
</arguments>
<status status="PASS" starttime="20190925 10:54:39.604" endtime="20190925 10:54:39.605"></status>
</kw>
<kw name="Log To Console" library="BuiltIn">
<doc>Logs the given message to the console.</doc>
<arguments>
<arg>1=&gt;${resultSplit}[1]</arg>
</arguments>
<status status="PASS" starttime="20190925 10:54:39.605" endtime="20190925 10:54:39.605"></status>
</kw>
<kw name="Log To Console" library="BuiltIn">
<doc>Logs the given message to the console.</doc>
<arguments>
<arg>2=&gt;${resultSplit}[2]</arg>
</arguments>
<status status="PASS" starttime="20190925 10:54:39.605" endtime="20190925 10:54:39.605"></status>
</kw>
<kw name="Log To Console" library="BuiltIn">
<doc>Logs the given message to the console.</doc>
<arguments>
<arg>3=&gt;${resultSplit}[3]</arg>
</arguments>
<status status="PASS" starttime="20190925 10:54:39.605" endtime="20190925 10:54:39.606"></status>
</kw>
<kw name="Should Be Equal As Integers" library="BuiltIn">
<doc>Fails if objects are unequal after converting them to integers.</doc>
<arguments>
<arg>100</arg>
<arg>${100}</arg>
</arguments>
<msg timestamp="20190925 10:54:39.606" level="INFO">Argument types are:
&lt;type 'unicode'&gt;
&lt;class 'int'&gt;</msg>
<status status="PASS" starttime="20190925 10:54:39.606" endtime="20190925 10:54:39.606"></status>
</kw>
<kw name="Should Be Equal" library="BuiltIn">
<doc>Fails if the given objects are unequal.</doc>
<arguments>
<arg>ผลการค้นหาประมาณ</arg>
<arg>${resultSplit}[0]</arg>
</arguments>
<status status="PASS" starttime="20190925 10:54:39.606" endtime="20190925 10:54:39.606"></status>
</kw>
<kw name="Should Be Equal" library="BuiltIn">
<doc>Fails if the given objects are unequal.</doc>
<arguments>
<arg>รายการ</arg>
<arg>${resultSplit}[2]</arg>
</arguments>
<status status="PASS" starttime="20190925 10:54:39.606" endtime="20190925 10:54:39.607"></status>
</kw>
<kw name="Remove String" library="String">
<doc>Removes all ``removables`` from the given ``string``.</doc>
<arguments>
<arg>${resultSplit}[3]</arg>
<arg>${SPACE}</arg>
</arguments>
<assign>
<var>${cleanSpace}</var>
</assign>
<msg timestamp="20190925 10:54:39.607" level="INFO">${cleanSpace} = (0.30วินาที)</msg>
<status status="PASS" starttime="20190925 10:54:39.607" endtime="20190925 10:54:39.607"></status>
</kw>
<kw name="Should Start With" library="BuiltIn">
<doc>Fails if the string ``str1`` does not start with the string ``str2``.</doc>
<arguments>
<arg>${cleanSpace}</arg>
<arg>(</arg>
</arguments>
<status status="PASS" starttime="20190925 10:54:39.607" endtime="20190925 10:54:39.607"></status>
</kw>
<kw name="Should End With" library="BuiltIn">
<doc>Fails if the string ``str1`` does not end with the string ``str2``.</doc>
<arguments>
<arg>${cleanSpace}</arg>
<arg>)</arg>
</arguments>
<status status="PASS" starttime="20190925 10:54:39.607" endtime="20190925 10:54:39.608"></status>
</kw>
<status status="PASS" starttime="20190925 10:54:39.555" endtime="20190925 10:54:39.608"></status>
</kw>
<kw name="กลับไปยังหน้าค้นหา" type="teardown">
<kw name="Go To" library="SeleniumLibrary">
<doc>Navigates the current browser window to the provided ``url``.</doc>
<arguments>
<arg>${URL}</arg>
</arguments>
<msg timestamp="20190925 10:54:39.608" level="INFO">Opening url 'http://www.google.com'</msg>
<status status="PASS" starttime="20190925 10:54:39.608" endtime="20190925 10:54:39.863"></status>
</kw>
<status status="PASS" starttime="20190925 10:54:39.608" endtime="20190925 10:54:39.864"></status>
</kw>
<tags>
<tag>Search1</tag>
</tags>
<status status="PASS" starttime="20190925 10:54:38.169" endtime="20190925 10:54:39.864" critical="yes"></status>
</test>
<test id="s1-t2" name="ค้าหาคำว่าไออุ่น">
<kw name="ค้าหาคำว่า">
<arguments>
<arg>ไออุ่น</arg>
</arguments>
<kw name="Input Text" library="SeleniumLibrary">
<doc>Types the given ``text`` into the text field identified by ``locator``.</doc>
<arguments>
<arg>name:q</arg>
<arg>${keyword}</arg>
</arguments>
<msg timestamp="20190925 10:54:39.866" level="INFO">Typing text 'ไออุ่น' into text field 'name:q'.</msg>
<status status="PASS" starttime="20190925 10:54:39.866" endtime="20190925 10:54:39.967"></status>
</kw>
<kw name="Press Keys" library="SeleniumLibrary">
<doc>Simulates the user pressing key(s) to an element or on the active browser.</doc>
<arguments>
<arg>name:q</arg>
<arg>RETURN</arg>
</arguments>
<msg timestamp="20190925 10:54:39.967" level="INFO">Sending key(s) ('RETURN',) to name:q element.</msg>
<msg timestamp="20190925 10:54:39.973" level="INFO">Pressing special key RETURN to element.</msg>
<status status="PASS" starttime="20190925 10:54:39.967" endtime="20190925 10:54:41.409"></status>
</kw>
<status status="PASS" starttime="20190925 10:54:39.865" endtime="20190925 10:54:41.409"></status>
</kw>
<kw name="กลับไปยังหน้าค้นหา" type="teardown">
<kw name="Go To" library="SeleniumLibrary">
<doc>Navigates the current browser window to the provided ``url``.</doc>
<arguments>
<arg>${URL}</arg>
</arguments>
<msg timestamp="20190925 10:54:41.410" level="INFO">Opening url 'http://www.google.com'</msg>
<status status="PASS" starttime="20190925 10:54:41.409" endtime="20190925 10:54:41.620"></status>
</kw>
<status status="PASS" starttime="20190925 10:54:41.409" endtime="20190925 10:54:41.620"></status>
</kw>
<tags>
<tag>Search3</tag>
</tags>
<status status="PASS" starttime="20190925 10:54:39.864" endtime="20190925 10:54:41.620" critical="yes"></status>
</test>
<kw name="Close Browser" library="SeleniumLibrary" type="teardown">
<doc>Closes the current browser.</doc>
<status status="PASS" starttime="20190925 10:54:41.621" endtime="20190925 10:54:41.691"></status>
</kw>
<status status="PASS" starttime="20190925 10:54:35.684" endtime="20190925 10:54:41.692"></status>
</suite>
<statistics>
<total>
<stat pass="2" fail="0">Critical Tests</stat>
<stat pass="2" fail="0">All Tests</stat>
</total>
<tag>
<stat pass="1" fail="0">Search1</stat>
<stat pass="1" fail="0">Search3</stat>
</tag>
<suite>
<stat pass="2" fail="0" id="s1" name="Google-Suite">Google-Suite</stat>
</suite>
</statistics>
<errors>
</errors>
</robot>
