<?xml version="1.0" encoding="UTF-8"?>
<robot generator="Robot 3.1.2 (Python 3.7.4 on darwin)" generated="20190925 14:50:26.434" rpa="false">
<suite id="s1" name="Google" source="/Users/aycap/Development/Robot/Workspaces/robot-101/google/google.robot">
<test id="s1-t1" name="ค้าหาคำว่าเหล็กไหล">
<kw name="เข้าไปยังหน้าค้นหาของ Google">
<kw name="Open Browser" library="SeleniumLibrary">
<doc>Opens a new browser instance to the given ``url``.</doc>
<arguments>
<arg>${URL}</arg>
<arg>headlesschrome</arg>
</arguments>
<msg timestamp="20190925 14:50:26.546" level="INFO">Opening browser 'headlesschrome' to base url 'http://www.google.com'.</msg>
<status status="PASS" starttime="20190925 14:50:26.546" endtime="20190925 14:50:28.605"></status>
</kw>
<status status="PASS" starttime="20190925 14:50:26.545" endtime="20190925 14:50:28.606"></status>
</kw>
<kw name="ค้าหาเหล็กไหล">
<kw name="Input Text" library="SeleniumLibrary">
<doc>Types the given ``text`` into the text field identified by ``locator``.</doc>
<arguments>
<arg>name:q</arg>
<arg>ดูเหล็กไหล</arg>
</arguments>
<msg timestamp="20190925 14:50:28.607" level="INFO">Typing text 'ดูเหล็กไหล' into text field 'name:q'.</msg>
<status status="PASS" starttime="20190925 14:50:28.606" endtime="20190925 14:50:28.796"></status>
</kw>
<kw name="Press Keys" library="SeleniumLibrary">
<doc>Simulates the user pressing key(s) to an element or on the active browser.</doc>
<arguments>
<arg>name:q</arg>
<arg>RETURN</arg>
</arguments>
<msg timestamp="20190925 14:50:28.797" level="INFO">Sending key(s) ('RETURN',) to name:q element.</msg>
<msg timestamp="20190925 14:50:28.802" level="INFO">Pressing special key RETURN to element.</msg>
<status status="PASS" starttime="20190925 14:50:28.797" endtime="20190925 14:50:30.081"></status>
</kw>
<status status="PASS" starttime="20190925 14:50:28.606" endtime="20190925 14:50:30.081"></status>
</kw>
<kw name="จะต้้องเจอดูเหล็กไหล">
<kw name="Wait Until Element Contains" library="SeleniumLibrary">
<doc>Waits until the element ``locator`` contains ``text``.</doc>
<arguments>
<arg>xpath://*[@id="tvcap"]/div/div/div/div/h3/span</arg>
<arg>ดูเหล็กไหล</arg>
</arguments>
<status status="PASS" starttime="20190925 14:50:30.081" endtime="20190925 14:50:30.109"></status>
</kw>
<kw name="Get Text" library="SeleniumLibrary">
<doc>Returns the text value of the element identified by ``locator``.</doc>
<arguments>
<arg>id:resultStats</arg>
</arguments>
<assign>
<var>${result}</var>
</assign>
<msg timestamp="20190925 14:50:30.128" level="INFO">${result} = ผลการค้นหาประมาณ 1,300,000 รายการ (0.36 วินาที) </msg>
<status status="PASS" starttime="20190925 14:50:30.109" endtime="20190925 14:50:30.128"></status>
</kw>
<kw name="Split String" library="String">
<doc>Splits the ``string`` using ``separator`` as a delimiter string.</doc>
<arguments>
<arg>${result}</arg>
<arg>separator=${SPACE}</arg>
<arg>max_split=3</arg>
</arguments>
<assign>
<var>@{resultSplit}</var>
</assign>
<msg timestamp="20190925 14:50:30.129" level="INFO">@{resultSplit} = [ ผลการค้นหาประมาณ | 1,300,000 | รายการ | (0.36 วินาที)  ]</msg>
<status status="PASS" starttime="20190925 14:50:30.128" endtime="20190925 14:50:30.129"></status>
</kw>
<kw name="Log To Console" library="BuiltIn">
<doc>Logs the given message to the console.</doc>
<arguments>
<arg>.</arg>
</arguments>
<status status="PASS" starttime="20190925 14:50:30.129" endtime="20190925 14:50:30.129"></status>
</kw>
<kw name="Log To Console" library="BuiltIn">
<doc>Logs the given message to the console.</doc>
<arguments>
<arg>0=&gt;${resultSplit}[0]</arg>
</arguments>
<status status="PASS" starttime="20190925 14:50:30.129" endtime="20190925 14:50:30.129"></status>
</kw>
<kw name="Log To Console" library="BuiltIn">
<doc>Logs the given message to the console.</doc>
<arguments>
<arg>1=&gt;${resultSplit}[1]</arg>
</arguments>
<status status="PASS" starttime="20190925 14:50:30.129" endtime="20190925 14:50:30.130"></status>
</kw>
<kw name="Log To Console" library="BuiltIn">
<doc>Logs the given message to the console.</doc>
<arguments>
<arg>2=&gt;${resultSplit}[2]</arg>
</arguments>
<status status="PASS" starttime="20190925 14:50:30.130" endtime="20190925 14:50:30.130"></status>
</kw>
<kw name="Log To Console" library="BuiltIn">
<doc>Logs the given message to the console.</doc>
<arguments>
<arg>3=&gt;${resultSplit}[3]</arg>
</arguments>
<status status="PASS" starttime="20190925 14:50:30.130" endtime="20190925 14:50:30.130"></status>
</kw>
<kw name="Should Be Equal As Integers" library="BuiltIn">
<doc>Fails if objects are unequal after converting them to integers.</doc>
<arguments>
<arg>100</arg>
<arg>${100}</arg>
</arguments>
<msg timestamp="20190925 14:50:30.131" level="INFO">Argument types are:
&lt;type 'unicode'&gt;
&lt;class 'int'&gt;</msg>
<status status="PASS" starttime="20190925 14:50:30.130" endtime="20190925 14:50:30.131"></status>
</kw>
<kw name="Should Be Equal" library="BuiltIn">
<doc>Fails if the given objects are unequal.</doc>
<arguments>
<arg>ผลการค้นหาประมาณ</arg>
<arg>${resultSplit}[0]</arg>
</arguments>
<status status="PASS" starttime="20190925 14:50:30.131" endtime="20190925 14:50:30.131"></status>
</kw>
<kw name="Should Be Equal" library="BuiltIn">
<doc>Fails if the given objects are unequal.</doc>
<arguments>
<arg>รายการ</arg>
<arg>${resultSplit}[2]</arg>
</arguments>
<status status="PASS" starttime="20190925 14:50:30.131" endtime="20190925 14:50:30.131"></status>
</kw>
<kw name="Remove String" library="String">
<doc>Removes all ``removables`` from the given ``string``.</doc>
<arguments>
<arg>${resultSplit}[3]</arg>
<arg>${SPACE}</arg>
</arguments>
<assign>
<var>${cleanSpace}</var>
</assign>
<msg timestamp="20190925 14:50:30.132" level="INFO">${cleanSpace} = (0.36วินาที)</msg>
<status status="PASS" starttime="20190925 14:50:30.131" endtime="20190925 14:50:30.132"></status>
</kw>
<kw name="Should Start With" library="BuiltIn">
<doc>Fails if the string ``str1`` does not start with the string ``str2``.</doc>
<arguments>
<arg>${cleanSpace}</arg>
<arg>(</arg>
</arguments>
<status status="PASS" starttime="20190925 14:50:30.132" endtime="20190925 14:50:30.132"></status>
</kw>
<kw name="Should End With" library="BuiltIn">
<doc>Fails if the string ``str1`` does not end with the string ``str2``.</doc>
<arguments>
<arg>${cleanSpace}</arg>
<arg>)</arg>
</arguments>
<status status="PASS" starttime="20190925 14:50:30.132" endtime="20190925 14:50:30.132"></status>
</kw>
<status status="PASS" starttime="20190925 14:50:30.081" endtime="20190925 14:50:30.132"></status>
</kw>
<tags>
<tag>Search1</tag>
</tags>
<status status="PASS" starttime="20190925 14:50:26.544" endtime="20190925 14:50:30.132" critical="yes"></status>
</test>
<test id="s1-t2" name="ค้าหาคำว่าเหล็กไหล 2">
<kw name="เข้าไปยังหน้าค้นหาของ Google">
<kw name="Open Browser" library="SeleniumLibrary">
<doc>Opens a new browser instance to the given ``url``.</doc>
<arguments>
<arg>${URL}</arg>
<arg>headlesschrome</arg>
</arguments>
<msg timestamp="20190925 14:50:30.134" level="INFO">Opening browser 'headlesschrome' to base url 'http://www.google.com'.</msg>
<status status="PASS" starttime="20190925 14:50:30.134" endtime="20190925 14:50:32.421"></status>
</kw>
<status status="PASS" starttime="20190925 14:50:30.134" endtime="20190925 14:50:32.421"></status>
</kw>
<kw name="ค้าหาเหล็กไหล">
<kw name="Input Text" library="SeleniumLibrary">
<doc>Types the given ``text`` into the text field identified by ``locator``.</doc>
<arguments>
<arg>name:q</arg>
<arg>ดูเหล็กไหล</arg>
</arguments>
<msg timestamp="20190925 14:50:32.422" level="INFO">Typing text 'ดูเหล็กไหล' into text field 'name:q'.</msg>
<status status="PASS" starttime="20190925 14:50:32.422" endtime="20190925 14:50:32.529"></status>
</kw>
<kw name="Press Keys" library="SeleniumLibrary">
<doc>Simulates the user pressing key(s) to an element or on the active browser.</doc>
<arguments>
<arg>name:q</arg>
<arg>RETURN</arg>
</arguments>
<msg timestamp="20190925 14:50:32.530" level="INFO">Sending key(s) ('RETURN',) to name:q element.</msg>
<msg timestamp="20190925 14:50:32.535" level="INFO">Pressing special key RETURN to element.</msg>
<status status="PASS" starttime="20190925 14:50:32.530" endtime="20190925 14:50:33.693"></status>
</kw>
<status status="PASS" starttime="20190925 14:50:32.421" endtime="20190925 14:50:33.693"></status>
</kw>
<kw name="จะต้้องเจอดูเหล็กไหล">
<kw name="Wait Until Element Contains" library="SeleniumLibrary">
<doc>Waits until the element ``locator`` contains ``text``.</doc>
<arguments>
<arg>xpath://*[@id="tvcap"]/div/div/div/div/h3/span</arg>
<arg>ดูเหล็กไหล</arg>
</arguments>
<status status="PASS" starttime="20190925 14:50:33.693" endtime="20190925 14:50:33.718"></status>
</kw>
<kw name="Get Text" library="SeleniumLibrary">
<doc>Returns the text value of the element identified by ``locator``.</doc>
<arguments>
<arg>id:resultStats</arg>
</arguments>
<assign>
<var>${result}</var>
</assign>
<msg timestamp="20190925 14:50:33.738" level="INFO">${result} = ผลการค้นหาประมาณ 1,300,000 รายการ (0.26 วินาที) </msg>
<status status="PASS" starttime="20190925 14:50:33.719" endtime="20190925 14:50:33.738"></status>
</kw>
<kw name="Split String" library="String">
<doc>Splits the ``string`` using ``separator`` as a delimiter string.</doc>
<arguments>
<arg>${result}</arg>
<arg>separator=${SPACE}</arg>
<arg>max_split=3</arg>
</arguments>
<assign>
<var>@{resultSplit}</var>
</assign>
<msg timestamp="20190925 14:50:33.738" level="INFO">@{resultSplit} = [ ผลการค้นหาประมาณ | 1,300,000 | รายการ | (0.26 วินาที)  ]</msg>
<status status="PASS" starttime="20190925 14:50:33.738" endtime="20190925 14:50:33.738"></status>
</kw>
<kw name="Log To Console" library="BuiltIn">
<doc>Logs the given message to the console.</doc>
<arguments>
<arg>.</arg>
</arguments>
<status status="PASS" starttime="20190925 14:50:33.738" endtime="20190925 14:50:33.739"></status>
</kw>
<kw name="Log To Console" library="BuiltIn">
<doc>Logs the given message to the console.</doc>
<arguments>
<arg>0=&gt;${resultSplit}[0]</arg>
</arguments>
<status status="PASS" starttime="20190925 14:50:33.739" endtime="20190925 14:50:33.739"></status>
</kw>
<kw name="Log To Console" library="BuiltIn">
<doc>Logs the given message to the console.</doc>
<arguments>
<arg>1=&gt;${resultSplit}[1]</arg>
</arguments>
<status status="PASS" starttime="20190925 14:50:33.739" endtime="20190925 14:50:33.739"></status>
</kw>
<kw name="Log To Console" library="BuiltIn">
<doc>Logs the given message to the console.</doc>
<arguments>
<arg>2=&gt;${resultSplit}[2]</arg>
</arguments>
<status status="PASS" starttime="20190925 14:50:33.739" endtime="20190925 14:50:33.739"></status>
</kw>
<kw name="Log To Console" library="BuiltIn">
<doc>Logs the given message to the console.</doc>
<arguments>
<arg>3=&gt;${resultSplit}[3]</arg>
</arguments>
<status status="PASS" starttime="20190925 14:50:33.740" endtime="20190925 14:50:33.740"></status>
</kw>
<kw name="Should Be Equal As Integers" library="BuiltIn">
<doc>Fails if objects are unequal after converting them to integers.</doc>
<arguments>
<arg>100</arg>
<arg>${100}</arg>
</arguments>
<msg timestamp="20190925 14:50:33.740" level="INFO">Argument types are:
&lt;type 'unicode'&gt;
&lt;class 'int'&gt;</msg>
<status status="PASS" starttime="20190925 14:50:33.740" endtime="20190925 14:50:33.740"></status>
</kw>
<kw name="Should Be Equal" library="BuiltIn">
<doc>Fails if the given objects are unequal.</doc>
<arguments>
<arg>ผลการค้นหาประมาณ</arg>
<arg>${resultSplit}[0]</arg>
</arguments>
<status status="PASS" starttime="20190925 14:50:33.740" endtime="20190925 14:50:33.740"></status>
</kw>
<kw name="Should Be Equal" library="BuiltIn">
<doc>Fails if the given objects are unequal.</doc>
<arguments>
<arg>รายการ</arg>
<arg>${resultSplit}[2]</arg>
</arguments>
<status status="PASS" starttime="20190925 14:50:33.741" endtime="20190925 14:50:33.741"></status>
</kw>
<kw name="Remove String" library="String">
<doc>Removes all ``removables`` from the given ``string``.</doc>
<arguments>
<arg>${resultSplit}[3]</arg>
<arg>${SPACE}</arg>
</arguments>
<assign>
<var>${cleanSpace}</var>
</assign>
<msg timestamp="20190925 14:50:33.741" level="INFO">${cleanSpace} = (0.26วินาที)</msg>
<status status="PASS" starttime="20190925 14:50:33.741" endtime="20190925 14:50:33.741"></status>
</kw>
<kw name="Should Start With" library="BuiltIn">
<doc>Fails if the string ``str1`` does not start with the string ``str2``.</doc>
<arguments>
<arg>${cleanSpace}</arg>
<arg>(</arg>
</arguments>
<status status="PASS" starttime="20190925 14:50:33.741" endtime="20190925 14:50:33.741"></status>
</kw>
<kw name="Should End With" library="BuiltIn">
<doc>Fails if the string ``str1`` does not end with the string ``str2``.</doc>
<arguments>
<arg>${cleanSpace}</arg>
<arg>)</arg>
</arguments>
<status status="PASS" starttime="20190925 14:50:33.741" endtime="20190925 14:50:33.742"></status>
</kw>
<status status="PASS" starttime="20190925 14:50:33.693" endtime="20190925 14:50:33.742"></status>
</kw>
<tags>
<tag>Search2</tag>
</tags>
<status status="PASS" starttime="20190925 14:50:30.133" endtime="20190925 14:50:33.742" critical="yes"></status>
</test>
<test id="s1-t3" name="ค้าหาคำว่าไออุ่น">
<kw name="ค้าหาคำว่า">
<arguments>
<arg>ไออุ่น</arg>
</arguments>
<kw name="Input Text" library="SeleniumLibrary">
<doc>Types the given ``text`` into the text field identified by ``locator``.</doc>
<arguments>
<arg>name:q</arg>
<arg>${keyword}</arg>
</arguments>
<msg timestamp="20190925 14:50:33.744" level="INFO">Typing text 'ไออุ่น' into text field 'name:q'.</msg>
<status status="PASS" starttime="20190925 14:50:33.743" endtime="20190925 14:50:33.839"></status>
</kw>
<kw name="Press Keys" library="SeleniumLibrary">
<doc>Simulates the user pressing key(s) to an element or on the active browser.</doc>
<arguments>
<arg>name:q</arg>
<arg>RETURN</arg>
</arguments>
<msg timestamp="20190925 14:50:33.839" level="INFO">Sending key(s) ('RETURN',) to name:q element.</msg>
<msg timestamp="20190925 14:50:33.844" level="INFO">Pressing special key RETURN to element.</msg>
<status status="PASS" starttime="20190925 14:50:33.839" endtime="20190925 14:50:35.351"></status>
</kw>
<status status="PASS" starttime="20190925 14:50:33.743" endtime="20190925 14:50:35.351"></status>
</kw>
<kw name="ค้าหาคำว่าv2 ไออุ่น">
<kw name="Input Text" library="SeleniumLibrary">
<doc>Types the given ``text`` into the text field identified by ``locator``.</doc>
<arguments>
<arg>name:q</arg>
<arg>${keyword}</arg>
</arguments>
<msg timestamp="20190925 14:50:35.352" level="INFO">Typing text 'ไออุ่น' into text field 'name:q'.</msg>
<status status="PASS" starttime="20190925 14:50:35.352" endtime="20190925 14:50:35.444"></status>
</kw>
<kw name="Press Keys" library="SeleniumLibrary">
<doc>Simulates the user pressing key(s) to an element or on the active browser.</doc>
<arguments>
<arg>name:q</arg>
<arg>RETURN</arg>
</arguments>
<msg timestamp="20190925 14:50:35.445" level="INFO">Sending key(s) ('RETURN',) to name:q element.</msg>
<msg timestamp="20190925 14:50:35.450" level="INFO">Pressing special key RETURN to element.</msg>
<status status="PASS" starttime="20190925 14:50:35.444" endtime="20190925 14:50:36.702"></status>
</kw>
<status status="PASS" starttime="20190925 14:50:35.351" endtime="20190925 14:50:36.702"></status>
</kw>
<tags>
<tag>Search3</tag>
</tags>
<status status="PASS" starttime="20190925 14:50:33.742" endtime="20190925 14:50:36.702" critical="yes"></status>
</test>
<status status="PASS" starttime="20190925 14:50:26.435" endtime="20190925 14:50:36.703"></status>
</suite>
<statistics>
<total>
<stat pass="3" fail="0">Critical Tests</stat>
<stat pass="3" fail="0">All Tests</stat>
</total>
<tag>
<stat pass="1" fail="0">Search1</stat>
<stat pass="1" fail="0">Search2</stat>
<stat pass="1" fail="0">Search3</stat>
</tag>
<suite>
<stat pass="3" fail="0" id="s1" name="Google">Google</stat>
</suite>
</statistics>
<errors>
</errors>
</robot>
