<?xml version="1.0" encoding="UTF-8"?>
<robot generator="Robot 3.1.2 (Python 3.7.4 on darwin)" generated="20190925 11:31:14.691" rpa="false">
<suite id="s1" name="Template" source="/Users/aycap/Development/Robot/Workspaces/robot-101/template/template.robot">
<kw name="Open Browser to google" type="setup">
<kw name="Open Browser" library="SeleniumLibrary">
<doc>Opens a new browser instance to the given ``url``.</doc>
<arguments>
<arg>${URL}</arg>
<arg>headlesschrome</arg>
</arguments>
<msg timestamp="20190925 11:31:14.805" level="INFO">Opening browser 'headlesschrome' to base url 'http://www.google.com'.</msg>
<status status="PASS" starttime="20190925 11:31:14.805" endtime="20190925 11:31:17.324"></status>
</kw>
<status status="PASS" starttime="20190925 11:31:14.805" endtime="20190925 11:31:17.325"></status>
</kw>
<test id="s1-t1" name="Seatch robotframework">
<kw name="Back to search page" type="setup">
<kw name="Go To" library="SeleniumLibrary">
<doc>Navigates the current browser window to the provided ``url``.</doc>
<arguments>
<arg>${URL}</arg>
</arguments>
<msg timestamp="20190925 11:31:17.326" level="INFO">Opening url 'http://www.google.com'</msg>
<status status="PASS" starttime="20190925 11:31:17.326" endtime="20190925 11:31:17.552"></status>
</kw>
<status status="PASS" starttime="20190925 11:31:17.326" endtime="20190925 11:31:17.552"></status>
</kw>
<kw name="Search Template">
<arguments>
<arg>robotframework</arg>
<arg>robotframework</arg>
</arguments>
<kw name="ค้าหาคำว่า">
<arguments>
<arg>${keyword}</arg>
</arguments>
<kw name="Input Text" library="SeleniumLibrary">
<doc>Types the given ``text`` into the text field identified by ``locator``.</doc>
<arguments>
<arg>name:q</arg>
<arg>${keyword}</arg>
</arguments>
<msg timestamp="20190925 11:31:17.554" level="INFO">Typing text 'robotframework' into text field 'name:q'.</msg>
<status status="PASS" starttime="20190925 11:31:17.553" endtime="20190925 11:31:17.685"></status>
</kw>
<kw name="Press Keys" library="SeleniumLibrary">
<doc>Simulates the user pressing key(s) to an element or on the active browser.</doc>
<arguments>
<arg>name:q</arg>
<arg>RETURN</arg>
</arguments>
<msg timestamp="20190925 11:31:17.685" level="INFO">Sending key(s) ('RETURN',) to name:q element.</msg>
<msg timestamp="20190925 11:31:17.690" level="INFO">Pressing special key RETURN to element.</msg>
<status status="PASS" starttime="20190925 11:31:17.685" endtime="20190925 11:31:19.361"></status>
</kw>
<status status="PASS" starttime="20190925 11:31:17.553" endtime="20190925 11:31:19.361"></status>
</kw>
<kw name="ต้องเจอ">
<arguments>
<arg>${result}</arg>
</arguments>
<kw name="Wait Until Element Contains" library="SeleniumLibrary">
<doc>Waits until the element ``locator`` contains ``text``.</doc>
<arguments>
<arg>//*[@id="brs"]/g-section-with-header/div[1]/h3</arg>
<arg>${expectedResult}</arg>
</arguments>
<status status="PASS" starttime="20190925 11:31:19.362" endtime="20190925 11:31:19.391"></status>
</kw>
<kw name="Get Text" library="SeleniumLibrary">
<doc>Returns the text value of the element identified by ``locator``.</doc>
<arguments>
<arg>class:med.dPAwzb</arg>
</arguments>
<assign>
<var>${result}</var>
</assign>
<msg timestamp="20190925 11:31:19.406" level="INFO">${result} = การค้นหาที่เกี่ยวข้องกับ robotframework</msg>
<status status="PASS" starttime="20190925 11:31:19.391" endtime="20190925 11:31:19.406"></status>
</kw>
<kw name="Log To Console" library="BuiltIn">
<doc>Logs the given message to the console.</doc>
<arguments>
<arg>${\n}</arg>
</arguments>
<status status="PASS" starttime="20190925 11:31:19.406" endtime="20190925 11:31:19.406"></status>
</kw>
<kw name="Log To Console" library="BuiltIn">
<doc>Logs the given message to the console.</doc>
<arguments>
<arg>${result}</arg>
</arguments>
<status status="PASS" starttime="20190925 11:31:19.406" endtime="20190925 11:31:19.407"></status>
</kw>
<kw name="Should Be Equal" library="BuiltIn">
<doc>Fails if the given objects are unequal.</doc>
<arguments>
<arg>การค้นหาที่เกี่ยวข้องกับ ${expectedResult}</arg>
<arg>${result}</arg>
</arguments>
<status status="PASS" starttime="20190925 11:31:19.407" endtime="20190925 11:31:19.407"></status>
</kw>
<status status="PASS" starttime="20190925 11:31:19.361" endtime="20190925 11:31:19.407"></status>
</kw>
<status status="PASS" starttime="20190925 11:31:17.553" endtime="20190925 11:31:19.407"></status>
</kw>
<status status="PASS" starttime="20190925 11:31:17.325" endtime="20190925 11:31:19.407" critical="yes"></status>
</test>
<test id="s1-t2" name="Seatch Kotlin">
<kw name="Back to search page" type="setup">
<kw name="Go To" library="SeleniumLibrary">
<doc>Navigates the current browser window to the provided ``url``.</doc>
<arguments>
<arg>${URL}</arg>
</arguments>
<msg timestamp="20190925 11:31:19.409" level="INFO">Opening url 'http://www.google.com'</msg>
<status status="PASS" starttime="20190925 11:31:19.408" endtime="20190925 11:31:19.615"></status>
</kw>
<status status="PASS" starttime="20190925 11:31:19.408" endtime="20190925 11:31:19.615"></status>
</kw>
<kw name="Search Template">
<arguments>
<arg>Kotlin</arg>
<arg>Kotlin</arg>
</arguments>
<kw name="ค้าหาคำว่า">
<arguments>
<arg>${keyword}</arg>
</arguments>
<kw name="Input Text" library="SeleniumLibrary">
<doc>Types the given ``text`` into the text field identified by ``locator``.</doc>
<arguments>
<arg>name:q</arg>
<arg>${keyword}</arg>
</arguments>
<msg timestamp="20190925 11:31:19.616" level="INFO">Typing text 'Kotlin' into text field 'name:q'.</msg>
<status status="PASS" starttime="20190925 11:31:19.616" endtime="20190925 11:31:19.698"></status>
</kw>
<kw name="Press Keys" library="SeleniumLibrary">
<doc>Simulates the user pressing key(s) to an element or on the active browser.</doc>
<arguments>
<arg>name:q</arg>
<arg>RETURN</arg>
</arguments>
<msg timestamp="20190925 11:31:19.699" level="INFO">Sending key(s) ('RETURN',) to name:q element.</msg>
<msg timestamp="20190925 11:31:19.704" level="INFO">Pressing special key RETURN to element.</msg>
<status status="PASS" starttime="20190925 11:31:19.699" endtime="20190925 11:31:20.867"></status>
</kw>
<status status="PASS" starttime="20190925 11:31:19.616" endtime="20190925 11:31:20.867"></status>
</kw>
<kw name="ต้องเจอ">
<arguments>
<arg>${result}</arg>
</arguments>
<kw name="Wait Until Element Contains" library="SeleniumLibrary">
<doc>Waits until the element ``locator`` contains ``text``.</doc>
<arguments>
<arg>//*[@id="brs"]/g-section-with-header/div[1]/h3</arg>
<arg>${expectedResult}</arg>
</arguments>
<status status="PASS" starttime="20190925 11:31:20.867" endtime="20190925 11:31:20.886"></status>
</kw>
<kw name="Get Text" library="SeleniumLibrary">
<doc>Returns the text value of the element identified by ``locator``.</doc>
<arguments>
<arg>class:med.dPAwzb</arg>
</arguments>
<assign>
<var>${result}</var>
</assign>
<msg timestamp="20190925 11:31:20.898" level="INFO">${result} = การค้นหาที่เกี่ยวข้องกับ Kotlin</msg>
<status status="PASS" starttime="20190925 11:31:20.886" endtime="20190925 11:31:20.898"></status>
</kw>
<kw name="Log To Console" library="BuiltIn">
<doc>Logs the given message to the console.</doc>
<arguments>
<arg>${\n}</arg>
</arguments>
<status status="PASS" starttime="20190925 11:31:20.898" endtime="20190925 11:31:20.898"></status>
</kw>
<kw name="Log To Console" library="BuiltIn">
<doc>Logs the given message to the console.</doc>
<arguments>
<arg>${result}</arg>
</arguments>
<status status="PASS" starttime="20190925 11:31:20.898" endtime="20190925 11:31:20.899"></status>
</kw>
<kw name="Should Be Equal" library="BuiltIn">
<doc>Fails if the given objects are unequal.</doc>
<arguments>
<arg>การค้นหาที่เกี่ยวข้องกับ ${expectedResult}</arg>
<arg>${result}</arg>
</arguments>
<status status="PASS" starttime="20190925 11:31:20.899" endtime="20190925 11:31:20.899"></status>
</kw>
<status status="PASS" starttime="20190925 11:31:20.867" endtime="20190925 11:31:20.899"></status>
</kw>
<status status="PASS" starttime="20190925 11:31:19.615" endtime="20190925 11:31:20.899"></status>
</kw>
<status status="PASS" starttime="20190925 11:31:19.408" endtime="20190925 11:31:20.899" critical="yes"></status>
</test>
<kw name="Close Browser" library="SeleniumLibrary" type="teardown">
<doc>Closes the current browser.</doc>
<status status="PASS" starttime="20190925 11:31:20.900" endtime="20190925 11:31:20.969"></status>
</kw>
<status status="PASS" starttime="20190925 11:31:14.692" endtime="20190925 11:31:20.969"></status>
</suite>
<statistics>
<total>
<stat pass="2" fail="0">Critical Tests</stat>
<stat pass="2" fail="0">All Tests</stat>
</total>
<tag>
</tag>
<suite>
<stat pass="2" fail="0" id="s1" name="Template">Template</stat>
</suite>
</statistics>
<errors>
</errors>
</robot>
